<?xml version="1.0" encoding="UTF-8"?>
<!-- Generated by org.testng.reporters.JUnitReportReporter -->
<testsuite hostname="DESKTOP-NSKO8MI" failures="0" tests="1" name="com.practice.TaskLogoValidationPOM" time="0.012" errors="0" timestamp="2020-05-19T17:41:46 EDT" skipped="0">
  <testcase classname="com.practice.TaskLogoValidationPOM" name="hello" time="0.012"/>
  <system-out/>
</testsuite> <!-- com.practice.TaskLogoValidationPOM -->
